<?xml version="1.0" encoding="UTF-8"?>
<testsuite name="com.adventure.sprint3.S3M4Test" tests="2" skipped="0" failures="0" errors="0" timestamp="2021-10-20T16:55:01" hostname="68.0.16.172.net-uno.net" time="0.089">
  <properties/>
  <testcase name="testNullVerbException()" classname="com.adventure.sprint3.S3M4Test" time="0.078"/>
  <testcase name="testInvalidVerbException()" classname="com.adventure.sprint3.S3M4Test" time="0.01"/>
  <system-out><![CDATA[]]></system-out>
  <system-err><![CDATA[]]></system-err>
</testsuite>
